Started GET "/" for 127.0.0.1 at 2018-03-14 21:50:33 -0300
  
ActiveRecord::NoDatabaseError (FATAL:  database "T1_development" does not exist
):
  
activerecord (5.0.6) lib/active_record/connection_adapters/postgresql_adapter.rb:675:in `rescue in connect'
activerecord (5.0.6) lib/active_record/connection_adapters/postgresql_adapter.rb:671:in `connect'
activerecord (5.0.6) lib/active_record/connection_adapters/postgresql_adapter.rb:217:in `initialize'
activerecord (5.0.6) lib/active_record/connection_adapters/postgresql_adapter.rb:37:in `new'
activerecord (5.0.6) lib/active_record/connection_adapters/postgresql_adapter.rb:37:in `postgresql_connection'
activerecord (5.0.6) lib/active_record/connection_adapters/abstract/connection_pool.rb:729:in `new_connection'
activerecord (5.0.6) lib/active_record/connection_adapters/abstract/connection_pool.rb:773:in `checkout_new_connection'
activerecord (5.0.6) lib/active_record/connection_adapters/abstract/connection_pool.rb:752:in `try_to_checkout_new_connection'
activerecord (5.0.6) lib/active_record/connection_adapters/abstract/connection_pool.rb:713:in `acquire_connection'
activerecord (5.0.6) lib/active_record/connection_adapters/abstract/connection_pool.rb:490:in `checkout'
activerecord (5.0.6) lib/active_record/connection_adapters/abstract/connection_pool.rb:364:in `connection'
activerecord (5.0.6) lib/active_record/connection_adapters/abstract/connection_pool.rb:883:in `retrieve_connection'
activerecord (5.0.6) lib/active_record/connection_handling.rb:128:in `retrieve_connection'
activerecord (5.0.6) lib/active_record/connection_handling.rb:91:in `connection'
activerecord (5.0.6) lib/active_record/migration.rb:559:in `connection'
activerecord (5.0.6) lib/active_record/migration.rb:546:in `call'
actionpack (5.0.6) lib/action_dispatch/middleware/callbacks.rb:38:in `block in call'
activesupport (5.0.6) lib/active_support/callbacks.rb:97:in `__run_callbacks__'
activesupport (5.0.6) lib/active_support/callbacks.rb:750:in `_run_call_callbacks'
activesupport (5.0.6) lib/active_support/callbacks.rb:90:in `run_callbacks'
actionpack (5.0.6) lib/action_dispatch/middleware/callbacks.rb:36:in `call'
actionpack (5.0.6) lib/action_dispatch/middleware/executor.rb:12:in `call'
actionpack (5.0.6) lib/action_dispatch/middleware/remote_ip.rb:79:in `call'
actionpack (5.0.6) lib/action_dispatch/middleware/debug_exceptions.rb:49:in `call'
web-console (3.5.1) lib/web_console/middleware.rb:135:in `call_app'
web-console (3.5.1) lib/web_console/middleware.rb:28:in `block in call'
web-console (3.5.1) lib/web_console/middleware.rb:18:in `catch'
web-console (3.5.1) lib/web_console/middleware.rb:18:in `call'
actionpack (5.0.6) lib/action_dispatch/middleware/show_exceptions.rb:31:in `call'
railties (5.0.6) lib/rails/rack/logger.rb:36:in `call_app'
railties (5.0.6) lib/rails/rack/logger.rb:24:in `block in call'
activesupport (5.0.6) lib/active_support/tagged_logging.rb:69:in `block in tagged'
activesupport (5.0.6) lib/active_support/tagged_logging.rb:26:in `tagged'
activesupport (5.0.6) lib/active_support/tagged_logging.rb:69:in `tagged'
railties (5.0.6) lib/rails/rack/logger.rb:24:in `call'
sprockets-rails (3.2.1) lib/sprockets/rails/quiet_assets.rb:13:in `call'
actionpack (5.0.6) lib/action_dispatch/middleware/request_id.rb:24:in `call'
rack (2.0.4) lib/rack/method_override.rb:22:in `call'
rack (2.0.4) lib/rack/runtime.rb:22:in `call'
activesupport (5.0.6) lib/active_support/cache/strategy/local_cache_middleware.rb:28:in `call'
actionpack (5.0.6) lib/action_dispatch/middleware/executor.rb:12:in `call'
actionpack (5.0.6) lib/action_dispatch/middleware/static.rb:136:in `call'
rack (2.0.4) lib/rack/sendfile.rb:111:in `call'
railties (5.0.6) lib/rails/engine.rb:522:in `call'
puma (3.11.3) lib/puma/configuration.rb:225:in `call'
puma (3.11.3) lib/puma/server.rb:624:in `handle_request'
puma (3.11.3) lib/puma/server.rb:438:in `process_client'
puma (3.11.3) lib/puma/server.rb:302:in `block in run'
puma (3.11.3) lib/puma/thread_pool.rb:120:in `block in spawn_thread'
  Rendering /Users/Rorpis/.rvm/gems/ruby-2.4.0/gems/actionpack-5.0.6/lib/action_dispatch/middleware/templates/rescues/diagnostics.html.erb within rescues/layout
  Rendering /Users/Rorpis/.rvm/gems/ruby-2.4.0/gems/actionpack-5.0.6/lib/action_dispatch/middleware/templates/rescues/_source.html.erb
  Rendered /Users/Rorpis/.rvm/gems/ruby-2.4.0/gems/actionpack-5.0.6/lib/action_dispatch/middleware/templates/rescues/_source.html.erb (4.0ms)
  Rendering /Users/Rorpis/.rvm/gems/ruby-2.4.0/gems/actionpack-5.0.6/lib/action_dispatch/middleware/templates/rescues/_trace.html.erb
  Rendered /Users/Rorpis/.rvm/gems/ruby-2.4.0/gems/actionpack-5.0.6/lib/action_dispatch/middleware/templates/rescues/_trace.html.erb (1.7ms)
  Rendering /Users/Rorpis/.rvm/gems/ruby-2.4.0/gems/actionpack-5.0.6/lib/action_dispatch/middleware/templates/rescues/_request_and_response.html.erb
  Rendered /Users/Rorpis/.rvm/gems/ruby-2.4.0/gems/actionpack-5.0.6/lib/action_dispatch/middleware/templates/rescues/_request_and_response.html.erb (1.0ms)
  Rendered /Users/Rorpis/.rvm/gems/ruby-2.4.0/gems/actionpack-5.0.6/lib/action_dispatch/middleware/templates/rescues/diagnostics.html.erb within rescues/layout (138.7ms)
Started GET "/" for 127.0.0.1 at 2018-03-14 21:57:36 -0300
  
ActiveRecord::NoDatabaseError (FATAL:  database "T1_development" does not exist
):
  
activerecord (5.0.6) lib/active_record/connection_adapters/postgresql_adapter.rb:675:in `rescue in connect'
activerecord (5.0.6) lib/active_record/connection_adapters/postgresql_adapter.rb:671:in `connect'
activerecord (5.0.6) lib/active_record/connection_adapters/postgresql_adapter.rb:217:in `initialize'
activerecord (5.0.6) lib/active_record/connection_adapters/postgresql_adapter.rb:37:in `new'
activerecord (5.0.6) lib/active_record/connection_adapters/postgresql_adapter.rb:37:in `postgresql_connection'
activerecord (5.0.6) lib/active_record/connection_adapters/abstract/connection_pool.rb:729:in `new_connection'
activerecord (5.0.6) lib/active_record/connection_adapters/abstract/connection_pool.rb:773:in `checkout_new_connection'
activerecord (5.0.6) lib/active_record/connection_adapters/abstract/connection_pool.rb:752:in `try_to_checkout_new_connection'
activerecord (5.0.6) lib/active_record/connection_adapters/abstract/connection_pool.rb:713:in `acquire_connection'
activerecord (5.0.6) lib/active_record/connection_adapters/abstract/connection_pool.rb:490:in `checkout'
activerecord (5.0.6) lib/active_record/connection_adapters/abstract/connection_pool.rb:364:in `connection'
activerecord (5.0.6) lib/active_record/connection_adapters/abstract/connection_pool.rb:883:in `retrieve_connection'
activerecord (5.0.6) lib/active_record/connection_handling.rb:128:in `retrieve_connection'
activerecord (5.0.6) lib/active_record/connection_handling.rb:91:in `connection'
activerecord (5.0.6) lib/active_record/migration.rb:559:in `connection'
activerecord (5.0.6) lib/active_record/migration.rb:546:in `call'
actionpack (5.0.6) lib/action_dispatch/middleware/callbacks.rb:38:in `block in call'
activesupport (5.0.6) lib/active_support/callbacks.rb:97:in `__run_callbacks__'
activesupport (5.0.6) lib/active_support/callbacks.rb:750:in `_run_call_callbacks'
activesupport (5.0.6) lib/active_support/callbacks.rb:90:in `run_callbacks'
actionpack (5.0.6) lib/action_dispatch/middleware/callbacks.rb:36:in `call'
actionpack (5.0.6) lib/action_dispatch/middleware/executor.rb:12:in `call'
actionpack (5.0.6) lib/action_dispatch/middleware/remote_ip.rb:79:in `call'
actionpack (5.0.6) lib/action_dispatch/middleware/debug_exceptions.rb:49:in `call'
web-console (3.5.1) lib/web_console/middleware.rb:135:in `call_app'
web-console (3.5.1) lib/web_console/middleware.rb:28:in `block in call'
web-console (3.5.1) lib/web_console/middleware.rb:18:in `catch'
web-console (3.5.1) lib/web_console/middleware.rb:18:in `call'
actionpack (5.0.6) lib/action_dispatch/middleware/show_exceptions.rb:31:in `call'
railties (5.0.6) lib/rails/rack/logger.rb:36:in `call_app'
railties (5.0.6) lib/rails/rack/logger.rb:24:in `block in call'
activesupport (5.0.6) lib/active_support/tagged_logging.rb:69:in `block in tagged'
activesupport (5.0.6) lib/active_support/tagged_logging.rb:26:in `tagged'
activesupport (5.0.6) lib/active_support/tagged_logging.rb:69:in `tagged'
railties (5.0.6) lib/rails/rack/logger.rb:24:in `call'
sprockets-rails (3.2.1) lib/sprockets/rails/quiet_assets.rb:13:in `call'
actionpack (5.0.6) lib/action_dispatch/middleware/request_id.rb:24:in `call'
rack (2.0.4) lib/rack/method_override.rb:22:in `call'
rack (2.0.4) lib/rack/runtime.rb:22:in `call'
activesupport (5.0.6) lib/active_support/cache/strategy/local_cache_middleware.rb:28:in `call'
actionpack (5.0.6) lib/action_dispatch/middleware/executor.rb:12:in `call'
actionpack (5.0.6) lib/action_dispatch/middleware/static.rb:136:in `call'
rack (2.0.4) lib/rack/sendfile.rb:111:in `call'
railties (5.0.6) lib/rails/engine.rb:522:in `call'
puma (3.11.3) lib/puma/configuration.rb:225:in `call'
puma (3.11.3) lib/puma/server.rb:624:in `handle_request'
puma (3.11.3) lib/puma/server.rb:438:in `process_client'
puma (3.11.3) lib/puma/server.rb:302:in `block in run'
puma (3.11.3) lib/puma/thread_pool.rb:120:in `block in spawn_thread'
  Rendering /Users/Rorpis/.rvm/gems/ruby-2.4.0/gems/actionpack-5.0.6/lib/action_dispatch/middleware/templates/rescues/diagnostics.html.erb within rescues/layout
  Rendering /Users/Rorpis/.rvm/gems/ruby-2.4.0/gems/actionpack-5.0.6/lib/action_dispatch/middleware/templates/rescues/_source.html.erb
  Rendered /Users/Rorpis/.rvm/gems/ruby-2.4.0/gems/actionpack-5.0.6/lib/action_dispatch/middleware/templates/rescues/_source.html.erb (3.2ms)
  Rendering /Users/Rorpis/.rvm/gems/ruby-2.4.0/gems/actionpack-5.0.6/lib/action_dispatch/middleware/templates/rescues/_trace.html.erb
  Rendered /Users/Rorpis/.rvm/gems/ruby-2.4.0/gems/actionpack-5.0.6/lib/action_dispatch/middleware/templates/rescues/_trace.html.erb (1.9ms)
  Rendering /Users/Rorpis/.rvm/gems/ruby-2.4.0/gems/actionpack-5.0.6/lib/action_dispatch/middleware/templates/rescues/_request_and_response.html.erb
  Rendered /Users/Rorpis/.rvm/gems/ruby-2.4.0/gems/actionpack-5.0.6/lib/action_dispatch/middleware/templates/rescues/_request_and_response.html.erb (0.9ms)
  Rendered /Users/Rorpis/.rvm/gems/ruby-2.4.0/gems/actionpack-5.0.6/lib/action_dispatch/middleware/templates/rescues/diagnostics.html.erb within rescues/layout (95.1ms)
  [1m[35m (45.6ms)[0m  [1m[35mCREATE TABLE "schema_migrations" ("version" character varying PRIMARY KEY)[0m
  [1m[35m (44.3ms)[0m  [1m[35mCREATE TABLE "ar_internal_metadata" ("key" character varying PRIMARY KEY, "value" character varying, "created_at" timestamp NOT NULL, "updated_at" timestamp NOT NULL)[0m
  [1m[35m (0.3ms)[0m  [1m[34mSELECT pg_try_advisory_lock(2346594783171132165);[0m
  [1m[36mActiveRecord::SchemaMigration Load (0.5ms)[0m  [1m[34mSELECT "schema_migrations".* FROM "schema_migrations"[0m
  [1m[36mActiveRecord::InternalMetadata Load (0.4ms)[0m  [1m[34mSELECT  "ar_internal_metadata".* FROM "ar_internal_metadata" WHERE "ar_internal_metadata"."key" = $1 LIMIT $2[0m  [["key", "environment"], ["LIMIT", 1]]
  [1m[35m (0.1ms)[0m  [1m[35mBEGIN[0m
  [1m[35mSQL (0.4ms)[0m  [1m[32mINSERT INTO "ar_internal_metadata" ("key", "value", "created_at", "updated_at") VALUES ($1, $2, $3, $4) RETURNING "key"[0m  [["key", "environment"], ["value", "development"], ["created_at", "2018-03-15 01:00:18.269674"], ["updated_at", "2018-03-15 01:00:18.269674"]]
  [1m[35m (26.4ms)[0m  [1m[35mCOMMIT[0m
  [1m[35m (0.3ms)[0m  [1m[34mSELECT pg_advisory_unlock(2346594783171132165)[0m
  [1m[36mActiveRecord::SchemaMigration Load (0.2ms)[0m  [1m[34mSELECT "schema_migrations".* FROM "schema_migrations"[0m
Started GET "/" for 127.0.0.1 at 2018-03-14 22:00:45 -0300
Processing by Rails::WelcomeController#index as HTML
  Parameters: {"internal"=>true}
  Rendering /Users/Rorpis/.rvm/gems/ruby-2.4.0/gems/railties-5.0.6/lib/rails/templates/rails/welcome/index.html.erb
  Rendered /Users/Rorpis/.rvm/gems/ruby-2.4.0/gems/railties-5.0.6/lib/rails/templates/rails/welcome/index.html.erb (4.6ms)
Completed 200 OK in 70ms (Views: 11.3ms | ActiveRecord: 0.0ms)


Started GET "/" for 127.0.0.1 at 2018-03-15 19:20:44 -0300
Processing by Rails::WelcomeController#index as HTML
  Parameters: {"internal"=>true}
  Rendering /Users/Rorpis/.rvm/gems/ruby-2.4.0/gems/railties-5.0.6/lib/rails/templates/rails/welcome/index.html.erb
  Rendered /Users/Rorpis/.rvm/gems/ruby-2.4.0/gems/railties-5.0.6/lib/rails/templates/rails/welcome/index.html.erb (4.3ms)
Completed 200 OK in 65ms (Views: 35.2ms | ActiveRecord: 0.0ms)


  [1m[35m (0.3ms)[0m  [1m[34mSELECT pg_try_advisory_lock(2346594783171132165);[0m
  [1m[36mActiveRecord::SchemaMigration Load (69.2ms)[0m  [1m[34mSELECT "schema_migrations".* FROM "schema_migrations"[0m
Migrating to CreateSubmissions (20180315222844)
  [1m[35m (0.2ms)[0m  [1m[35mBEGIN[0m
  [1m[35m (228.7ms)[0m  [1m[35mCREATE TABLE "submissions" ("id" serial primary key, "title" character varying, "lead" character varying, "body" character varying, "created_at" timestamp NOT NULL, "updated_at" timestamp NOT NULL)[0m
  [1m[35mSQL (0.6ms)[0m  [1m[32mINSERT INTO "schema_migrations" ("version") VALUES ($1) RETURNING "version"[0m  [["version", "20180315222844"]]
  [1m[35m (0.8ms)[0m  [1m[35mCOMMIT[0m
  [1m[36mActiveRecord::InternalMetadata Load (16.5ms)[0m  [1m[34mSELECT  "ar_internal_metadata".* FROM "ar_internal_metadata" WHERE "ar_internal_metadata"."key" = $1 LIMIT $2[0m  [["key", "environment"], ["LIMIT", 1]]
  [1m[35m (0.3ms)[0m  [1m[35mBEGIN[0m
  [1m[35m (0.1ms)[0m  [1m[35mCOMMIT[0m
  [1m[35m (0.3ms)[0m  [1m[34mSELECT pg_advisory_unlock(2346594783171132165)[0m
  [1m[36mActiveRecord::SchemaMigration Load (0.3ms)[0m  [1m[34mSELECT "schema_migrations".* FROM "schema_migrations"[0m
Started GET "/" for 127.0.0.1 at 2018-03-15 19:30:12 -0300
  [1m[36mActiveRecord::SchemaMigration Load (0.8ms)[0m  [1m[34mSELECT "schema_migrations".* FROM "schema_migrations"[0m
Processing by Rails::WelcomeController#index as HTML
  Parameters: {"internal"=>true}
  Rendering /Users/Rorpis/.rvm/gems/ruby-2.4.0/gems/railties-5.0.6/lib/rails/templates/rails/welcome/index.html.erb
  Rendered /Users/Rorpis/.rvm/gems/ruby-2.4.0/gems/railties-5.0.6/lib/rails/templates/rails/welcome/index.html.erb (4.5ms)
Completed 200 OK in 25ms (Views: 11.5ms | ActiveRecord: 0.0ms)


Started GET "/submissions" for 127.0.0.1 at 2018-03-15 19:30:27 -0300
Processing by SubmissionsController#index as HTML
  Rendering submissions/index.html.erb within layouts/application
  [1m[36mSubmission Load (0.9ms)[0m  [1m[34mSELECT "submissions".* FROM "submissions"[0m
  Rendered submissions/index.html.erb within layouts/application (27.9ms)
Completed 200 OK in 2540ms (Views: 2527.3ms | ActiveRecord: 4.9ms)


Started GET "/submissions/new" for 127.0.0.1 at 2018-03-15 19:30:43 -0300
Processing by SubmissionsController#new as HTML
  Rendering submissions/new.html.erb within layouts/application
  Rendered submissions/_form.html.erb (116.6ms)
  Rendered submissions/new.html.erb within layouts/application (121.0ms)
Completed 200 OK in 189ms (Views: 167.9ms | ActiveRecord: 3.6ms)


Started POST "/submissions" for 127.0.0.1 at 2018-03-15 19:30:54 -0300
Processing by SubmissionsController#create as HTML
  Parameters: {"utf8"=>"✓", "authenticity_token"=>"Bt3A6e0vxYVgEKFWTWg0kFD/eSOC2XIqG7oITELYMDgxCFghTIGC3DnU+TPHMBEHvAx3xIYS2pa8mK7mI5L12g==", "submission"=>{"title"=>"titulox", "lead"=>"bajadax", "body"=>"cuerpox"}, "commit"=>"Create Submission"}
  [1m[35m (0.2ms)[0m  [1m[35mBEGIN[0m
  [1m[35mSQL (1.2ms)[0m  [1m[32mINSERT INTO "submissions" ("title", "lead", "body", "created_at", "updated_at") VALUES ($1, $2, $3, $4, $5) RETURNING "id"[0m  [["title", "titulox"], ["lead", "bajadax"], ["body", "cuerpox"], ["created_at", "2018-03-15 22:30:54.058373"], ["updated_at", "2018-03-15 22:30:54.058373"]]
  [1m[35m (40.4ms)[0m  [1m[35mCOMMIT[0m
Redirected to http://localhost:3000/submissions/1
Completed 302 Found in 47ms (ActiveRecord: 41.7ms)


Started GET "/submissions/1" for 127.0.0.1 at 2018-03-15 19:30:54 -0300
Processing by SubmissionsController#show as HTML
  Parameters: {"id"=>"1"}
  [1m[36mSubmission Load (0.4ms)[0m  [1m[34mSELECT  "submissions".* FROM "submissions" WHERE "submissions"."id" = $1 LIMIT $2[0m  [["id", 1], ["LIMIT", 1]]
  Rendering submissions/show.html.erb within layouts/application
  Rendered submissions/show.html.erb within layouts/application (1.3ms)
Completed 200 OK in 76ms (Views: 36.8ms | ActiveRecord: 0.7ms)


Started GET "/submissions" for 127.0.0.1 at 2018-03-15 19:30:57 -0300
Processing by SubmissionsController#index as HTML
  Rendering submissions/index.html.erb within layouts/application
  [1m[36mSubmission Load (0.6ms)[0m  [1m[34mSELECT "submissions".* FROM "submissions"[0m
  Rendered submissions/index.html.erb within layouts/application (2.8ms)
Completed 200 OK in 46ms (Views: 38.9ms | ActiveRecord: 0.6ms)


  [1m[35m (0.3ms)[0m  [1m[34mSELECT pg_try_advisory_lock(2346594783171132165);[0m
  [1m[36mActiveRecord::SchemaMigration Load (0.6ms)[0m  [1m[34mSELECT "schema_migrations".* FROM "schema_migrations"[0m
Migrating to DeviseCreateUsers (20180315224528)
  [1m[35m (0.2ms)[0m  [1m[35mBEGIN[0m
  [1m[35m (33.3ms)[0m  [1m[35mCREATE TABLE "users" ("id" serial primary key, "email" character varying DEFAULT '' NOT NULL, "encrypted_password" character varying DEFAULT '' NOT NULL, "reset_password_token" character varying, "reset_password_sent_at" timestamp, "remember_created_at" timestamp, "sign_in_count" integer DEFAULT 0 NOT NULL, "current_sign_in_at" timestamp, "last_sign_in_at" timestamp, "current_sign_in_ip" inet, "last_sign_in_ip" inet, "created_at" timestamp NOT NULL, "updated_at" timestamp NOT NULL)[0m
  [1m[35m (1.3ms)[0m  [1m[35mCREATE UNIQUE INDEX  "index_users_on_email" ON "users"  ("email")[0m
  [1m[35m (1.0ms)[0m  [1m[35mCREATE UNIQUE INDEX  "index_users_on_reset_password_token" ON "users"  ("reset_password_token")[0m
  [1m[35mSQL (0.4ms)[0m  [1m[32mINSERT INTO "schema_migrations" ("version") VALUES ($1) RETURNING "version"[0m  [["version", "20180315224528"]]
  [1m[35m (1.2ms)[0m  [1m[35mCOMMIT[0m
  [1m[36mActiveRecord::InternalMetadata Load (0.6ms)[0m  [1m[34mSELECT  "ar_internal_metadata".* FROM "ar_internal_metadata" WHERE "ar_internal_metadata"."key" = $1 LIMIT $2[0m  [["key", "environment"], ["LIMIT", 1]]
  [1m[35m (0.2ms)[0m  [1m[35mBEGIN[0m
  [1m[35m (0.1ms)[0m  [1m[35mCOMMIT[0m
  [1m[35m (0.2ms)[0m  [1m[34mSELECT pg_advisory_unlock(2346594783171132165)[0m
  [1m[36mActiveRecord::SchemaMigration Load (0.2ms)[0m  [1m[34mSELECT "schema_migrations".* FROM "schema_migrations"[0m
Started GET "/" for 127.0.0.1 at 2018-03-15 19:46:08 -0300
  [1m[36mActiveRecord::SchemaMigration Load (0.5ms)[0m  [1m[34mSELECT "schema_migrations".* FROM "schema_migrations"[0m
Processing by SubmissionsController#index as HTML
  Rendering submissions/index.html.erb within layouts/application
  [1m[36mSubmission Load (0.6ms)[0m  [1m[34mSELECT "submissions".* FROM "submissions"[0m
  Rendered submissions/index.html.erb within layouts/application (28.2ms)
Completed 200 OK in 275ms (Views: 250.4ms | ActiveRecord: 5.1ms)


Started GET "/" for 127.0.0.1 at 2018-03-15 19:46:11 -0300
Processing by SubmissionsController#index as HTML
  Rendering submissions/index.html.erb within layouts/application
  [1m[36mSubmission Load (0.3ms)[0m  [1m[34mSELECT "submissions".* FROM "submissions"[0m
  Rendered submissions/index.html.erb within layouts/application (2.1ms)
Completed 200 OK in 46ms (Views: 41.3ms | ActiveRecord: 0.3ms)


Started GET "/users" for 127.0.0.1 at 2018-03-15 19:46:31 -0300
  
ActionController::RoutingError (No route matches [GET] "/users"):
  
actionpack (5.0.6) lib/action_dispatch/middleware/debug_exceptions.rb:53:in `call'
web-console (3.5.1) lib/web_console/middleware.rb:135:in `call_app'
web-console (3.5.1) lib/web_console/middleware.rb:28:in `block in call'
web-console (3.5.1) lib/web_console/middleware.rb:18:in `catch'
web-console (3.5.1) lib/web_console/middleware.rb:18:in `call'
actionpack (5.0.6) lib/action_dispatch/middleware/show_exceptions.rb:31:in `call'
railties (5.0.6) lib/rails/rack/logger.rb:36:in `call_app'
railties (5.0.6) lib/rails/rack/logger.rb:24:in `block in call'
activesupport (5.0.6) lib/active_support/tagged_logging.rb:69:in `block in tagged'
activesupport (5.0.6) lib/active_support/tagged_logging.rb:26:in `tagged'
activesupport (5.0.6) lib/active_support/tagged_logging.rb:69:in `tagged'
railties (5.0.6) lib/rails/rack/logger.rb:24:in `call'
sprockets-rails (3.2.1) lib/sprockets/rails/quiet_assets.rb:13:in `call'
actionpack (5.0.6) lib/action_dispatch/middleware/request_id.rb:24:in `call'
rack (2.0.4) lib/rack/method_override.rb:22:in `call'
rack (2.0.4) lib/rack/runtime.rb:22:in `call'
activesupport (5.0.6) lib/active_support/cache/strategy/local_cache_middleware.rb:28:in `call'
actionpack (5.0.6) lib/action_dispatch/middleware/executor.rb:12:in `call'
actionpack (5.0.6) lib/action_dispatch/middleware/static.rb:136:in `call'
rack (2.0.4) lib/rack/sendfile.rb:111:in `call'
railties (5.0.6) lib/rails/engine.rb:522:in `call'
puma (3.11.3) lib/puma/configuration.rb:225:in `call'
puma (3.11.3) lib/puma/server.rb:624:in `handle_request'
puma (3.11.3) lib/puma/server.rb:438:in `process_client'
puma (3.11.3) lib/puma/server.rb:302:in `block in run'
puma (3.11.3) lib/puma/thread_pool.rb:120:in `block in spawn_thread'
  Rendering /Users/Rorpis/.rvm/gems/ruby-2.4.0/gems/actionpack-5.0.6/lib/action_dispatch/middleware/templates/rescues/routing_error.html.erb within rescues/layout
  Rendering /Users/Rorpis/.rvm/gems/ruby-2.4.0/gems/actionpack-5.0.6/lib/action_dispatch/middleware/templates/rescues/_trace.html.erb
  Rendered /Users/Rorpis/.rvm/gems/ruby-2.4.0/gems/actionpack-5.0.6/lib/action_dispatch/middleware/templates/rescues/_trace.html.erb (1.3ms)
  Rendered collection of /Users/Rorpis/.rvm/gems/ruby-2.4.0/gems/actionpack-5.0.6/lib/action_dispatch/middleware/templates/routes/_route.html.erb [24 times] (59.7ms)
  Rendered /Users/Rorpis/.rvm/gems/ruby-2.4.0/gems/actionpack-5.0.6/lib/action_dispatch/middleware/templates/routes/_table.html.erb (16.6ms)
  Rendering /Users/Rorpis/.rvm/gems/ruby-2.4.0/gems/actionpack-5.0.6/lib/action_dispatch/middleware/templates/rescues/_request_and_response.html.erb
  Rendered /Users/Rorpis/.rvm/gems/ruby-2.4.0/gems/actionpack-5.0.6/lib/action_dispatch/middleware/templates/rescues/_request_and_response.html.erb (1.2ms)
  Rendered /Users/Rorpis/.rvm/gems/ruby-2.4.0/gems/actionpack-5.0.6/lib/action_dispatch/middleware/templates/rescues/routing_error.html.erb within rescues/layout (189.3ms)
Started GET "/users/sign_up" for 127.0.0.1 at 2018-03-15 19:46:36 -0300
Processing by Devise::RegistrationsController#new as HTML
  Rendering devise/registrations/new.html.erb within layouts/application
  Rendered devise/shared/_links.html.erb (1.3ms)
  Rendered devise/registrations/new.html.erb within layouts/application (90.6ms)
Completed 200 OK in 148ms (Views: 129.1ms | ActiveRecord: 2.6ms)


Started POST "/users" for 127.0.0.1 at 2018-03-15 19:47:22 -0300
Processing by Devise::RegistrationsController#create as HTML
  Parameters: {"utf8"=>"✓", "authenticity_token"=>"EC2F9cZSCtBX5HWMwDTRdi82una0SL7I5iOMcWB8iHii/sJgcBJUPg6hQ8xRsQBS83RHTRSpcJXSxgGKlXgNdg==", "user"=>{"email"=>"mailx@gmail.com", "password"=>"[FILTERED]", "password_confirmation"=>"[FILTERED]"}, "commit"=>"Sign up"}
  [1m[35m (0.2ms)[0m  [1m[35mBEGIN[0m
  [1m[36mUser Exists (1.2ms)[0m  [1m[34mSELECT  1 AS one FROM "users" WHERE "users"."email" = $1 LIMIT $2[0m  [["email", "mailx@gmail.com"], ["LIMIT", 1]]
  [1m[35mSQL (0.8ms)[0m  [1m[32mINSERT INTO "users" ("email", "encrypted_password", "created_at", "updated_at") VALUES ($1, $2, $3, $4) RETURNING "id"[0m  [["email", "mailx@gmail.com"], ["encrypted_password", "$2a$11$ER30hL2y5QnmZVwrsBNeN.2/fKUaYTpCeKTsXqKNBLVP/d/2kk2OC"], ["created_at", "2018-03-15 22:47:22.870863"], ["updated_at", "2018-03-15 22:47:22.870863"]]
  [1m[35m (40.7ms)[0m  [1m[35mCOMMIT[0m
  [1m[35m (0.1ms)[0m  [1m[35mBEGIN[0m
  [1m[35mSQL (0.8ms)[0m  [1m[33mUPDATE "users" SET "sign_in_count" = $1, "current_sign_in_at" = $2, "last_sign_in_at" = $3, "current_sign_in_ip" = $4, "last_sign_in_ip" = $5, "updated_at" = $6 WHERE "users"."id" = $7[0m  [["sign_in_count", 1], ["current_sign_in_at", "2018-03-15 22:47:22.914485"], ["last_sign_in_at", "2018-03-15 22:47:22.914485"], ["current_sign_in_ip", "127.0.0.1/32"], ["last_sign_in_ip", "127.0.0.1/32"], ["updated_at", "2018-03-15 22:47:22.915368"], ["id", 1]]
  [1m[35m (0.6ms)[0m  [1m[35mCOMMIT[0m
Redirected to http://localhost:3000/
Completed 302 Found in 307ms (ActiveRecord: 44.4ms)


Started GET "/" for 127.0.0.1 at 2018-03-15 19:47:22 -0300
Processing by SubmissionsController#index as HTML
  Rendering submissions/index.html.erb within layouts/application
  [1m[36mSubmission Load (0.3ms)[0m  [1m[34mSELECT "submissions".* FROM "submissions"[0m
  Rendered submissions/index.html.erb within layouts/application (2.3ms)
Completed 200 OK in 42ms (Views: 38.2ms | ActiveRecord: 0.3ms)


  [1m[36mUser Load (0.7ms)[0m  [1m[34mSELECT "users".* FROM "users"[0m
Started GET "/" for 127.0.0.1 at 2018-03-15 19:54:21 -0300
  [1m[36mActiveRecord::SchemaMigration Load (0.5ms)[0m  [1m[34mSELECT "schema_migrations".* FROM "schema_migrations"[0m
Processing by SubmissionsController#index as HTML
  Rendering submissions/index.html.erb within layouts/application
  [1m[36mSubmission Load (0.6ms)[0m  [1m[34mSELECT "submissions".* FROM "submissions"[0m
  Rendered submissions/index.html.erb within layouts/application (20.1ms)
  [1m[36mUser Load (1.3ms)[0m  [1m[34mSELECT  "users".* FROM "users" WHERE "users"."id" = $1 ORDER BY "users"."id" ASC LIMIT $2[0m  [["id", 1], ["LIMIT", 1]]
Completed 200 OK in 294ms (Views: 264.9ms | ActiveRecord: 10.1ms)


Started GET "/users/edit" for 127.0.0.1 at 2018-03-15 19:54:28 -0300
Processing by Devise::RegistrationsController#edit as HTML
  [1m[36mUser Load (1.6ms)[0m  [1m[34mSELECT  "users".* FROM "users" WHERE "users"."id" = $1 ORDER BY "users"."id" ASC LIMIT $2[0m  [["id", 1], ["LIMIT", 1]]
  Rendering devise/registrations/edit.html.erb within layouts/application
  Rendered devise/registrations/edit.html.erb within layouts/application (22.5ms)
Completed 200 OK in 95ms (Views: 89.8ms | ActiveRecord: 1.6ms)


Started DELETE "/users/sign_out" for 127.0.0.1 at 2018-03-15 19:54:45 -0300
Processing by Devise::SessionsController#destroy as HTML
  Parameters: {"authenticity_token"=>"nULmoQ5YEYZ1e110ATJnKutCSf4ZzZp9nzs+e26jKz8vkaE0uBhPaCw+azSQt7YONwC0xbksVCCr3rOAm6euMQ=="}
  [1m[36mUser Load (0.5ms)[0m  [1m[34mSELECT  "users".* FROM "users" WHERE "users"."id" = $1 ORDER BY "users"."id" ASC LIMIT $2[0m  [["id", 1], ["LIMIT", 1]]
  [1m[35m (0.1ms)[0m  [1m[35mBEGIN[0m
  [1m[35m (0.1ms)[0m  [1m[35mCOMMIT[0m
Redirected to http://localhost:3000/
Completed 302 Found in 7ms (ActiveRecord: 0.8ms)


Started GET "/" for 127.0.0.1 at 2018-03-15 19:54:45 -0300
Processing by SubmissionsController#index as HTML
  Rendering submissions/index.html.erb within layouts/application
  [1m[36mSubmission Load (0.4ms)[0m  [1m[34mSELECT "submissions".* FROM "submissions"[0m
  Rendered submissions/index.html.erb within layouts/application (2.9ms)
Completed 200 OK in 53ms (Views: 48.9ms | ActiveRecord: 0.4ms)


  [1m[35m (0.3ms)[0m  [1m[34mSELECT pg_try_advisory_lock(2346594783171132165);[0m
  [1m[36mActiveRecord::SchemaMigration Load (0.5ms)[0m  [1m[34mSELECT "schema_migrations".* FROM "schema_migrations"[0m
Migrating to AddUserIdToSubmissions (20180315225725)
  [1m[35m (0.2ms)[0m  [1m[35mBEGIN[0m
  [1m[35m (0.7ms)[0m  [1m[35mALTER TABLE "submissions" ADD "user_id" integer[0m
  [1m[35m (1.2ms)[0m  [1m[35mCREATE  INDEX  "index_submissions_on_user_id" ON "submissions"  ("user_id")[0m
  [1m[35mSQL (0.4ms)[0m  [1m[32mINSERT INTO "schema_migrations" ("version") VALUES ($1) RETURNING "version"[0m  [["version", "20180315225725"]]
  [1m[35m (0.6ms)[0m  [1m[35mCOMMIT[0m
  [1m[36mActiveRecord::InternalMetadata Load (0.4ms)[0m  [1m[34mSELECT  "ar_internal_metadata".* FROM "ar_internal_metadata" WHERE "ar_internal_metadata"."key" = $1 LIMIT $2[0m  [["key", "environment"], ["LIMIT", 1]]
  [1m[35m (0.2ms)[0m  [1m[35mBEGIN[0m
  [1m[35m (0.1ms)[0m  [1m[35mCOMMIT[0m
  [1m[35m (0.2ms)[0m  [1m[34mSELECT pg_advisory_unlock(2346594783171132165)[0m
  [1m[36mActiveRecord::SchemaMigration Load (0.2ms)[0m  [1m[34mSELECT "schema_migrations".* FROM "schema_migrations"[0m
Started GET "/" for 127.0.0.1 at 2018-03-15 19:59:47 -0300
  [1m[36mActiveRecord::SchemaMigration Load (0.5ms)[0m  [1m[34mSELECT "schema_migrations".* FROM "schema_migrations"[0m
Processing by SubmissionsController#index as HTML
  Rendering submissions/index.html.erb within layouts/application
  [1m[36mSubmission Load (0.6ms)[0m  [1m[34mSELECT "submissions".* FROM "submissions"[0m
  Rendered submissions/index.html.erb within layouts/application (17.4ms)
Completed 200 OK in 321ms (Views: 251.7ms | ActiveRecord: 5.3ms)


Started GET "/users/sign_in" for 127.0.0.1 at 2018-03-15 19:59:52 -0300
Processing by Devise::SessionsController#new as HTML
  Rendering devise/sessions/new.html.erb within layouts/application
  Rendered devise/shared/_links.html.erb (1.6ms)
  Rendered devise/sessions/new.html.erb within layouts/application (101.5ms)
Completed 200 OK in 193ms (Views: 171.0ms | ActiveRecord: 4.1ms)


Started POST "/users/sign_in" for 127.0.0.1 at 2018-03-15 20:00:01 -0300
Processing by Devise::SessionsController#create as HTML
  Parameters: {"utf8"=>"✓", "authenticity_token"=>"h3cNXohe92Lu24vdkQng5ZjSDhiXOHXDpGT0dftLCkE7xVtAaBZ7eVZ/Arp8iBXepplw2/U2RSWVSYUuBhU07g==", "user"=>{"email"=>"mailx@gmail.com", "password"=>"[FILTERED]", "remember_me"=>"0"}, "commit"=>"Log in"}
  [1m[36mUser Load (1.4ms)[0m  [1m[34mSELECT  "users".* FROM "users" WHERE "users"."email" = $1 ORDER BY "users"."id" ASC LIMIT $2[0m  [["email", "mailx@gmail.com"], ["LIMIT", 1]]
  [1m[35m (0.2ms)[0m  [1m[35mBEGIN[0m
  [1m[35mSQL (0.5ms)[0m  [1m[33mUPDATE "users" SET "current_sign_in_at" = $1, "sign_in_count" = $2, "updated_at" = $3 WHERE "users"."id" = $4[0m  [["current_sign_in_at", "2018-03-15 23:00:01.970815"], ["sign_in_count", 2], ["updated_at", "2018-03-15 23:00:01.972968"], ["id", 1]]
  [1m[35m (0.7ms)[0m  [1m[35mCOMMIT[0m
Redirected to http://localhost:3000/
Completed 302 Found in 186ms (ActiveRecord: 2.8ms)


Started GET "/" for 127.0.0.1 at 2018-03-15 20:00:02 -0300
Processing by SubmissionsController#index as HTML
  Rendering submissions/index.html.erb within layouts/application
  [1m[36mSubmission Load (0.3ms)[0m  [1m[34mSELECT "submissions".* FROM "submissions"[0m
  Rendered submissions/index.html.erb within layouts/application (2.1ms)
  [1m[36mUser Load (0.4ms)[0m  [1m[34mSELECT  "users".* FROM "users" WHERE "users"."id" = $1 ORDER BY "users"."id" ASC LIMIT $2[0m  [["id", 1], ["LIMIT", 1]]
Completed 200 OK in 49ms (Views: 44.2ms | ActiveRecord: 0.8ms)


Started GET "/submissions/new" for 127.0.0.1 at 2018-03-15 20:00:10 -0300
Processing by SubmissionsController#new as HTML
  Rendering submissions/new.html.erb within layouts/application
  Rendered submissions/_form.html.erb (6.2ms)
  Rendered submissions/new.html.erb within layouts/application (12.7ms)
  [1m[36mUser Load (0.4ms)[0m  [1m[34mSELECT  "users".* FROM "users" WHERE "users"."id" = $1 ORDER BY "users"."id" ASC LIMIT $2[0m  [["id", 1], ["LIMIT", 1]]
Completed 200 OK in 90ms (Views: 84.6ms | ActiveRecord: 0.4ms)


Started POST "/submissions" for 127.0.0.1 at 2018-03-15 20:00:17 -0300
Processing by SubmissionsController#create as HTML
  Parameters: {"utf8"=>"✓", "authenticity_token"=>"WreBhOhZlfzKzAaFuACSqbXQvoGHNZpmUV62oRUbPNWGFJsLQ5QebnCFMfGEDjrtMQDw1/Ue37CauO/r035TzA==", "submission"=>{"title"=>"hola", "lead"=>"bajada", "body"=>"cueroi"}, "commit"=>"Create Submission"}
  [1m[35m (0.2ms)[0m  [1m[35mBEGIN[0m
  [1m[35m (0.2ms)[0m  [1m[31mROLLBACK[0m
  Rendering submissions/new.html.erb within layouts/application
  Rendered submissions/_form.html.erb (3.7ms)
  Rendered submissions/new.html.erb within layouts/application (8.5ms)
  [1m[36mUser Load (0.5ms)[0m  [1m[34mSELECT  "users".* FROM "users" WHERE "users"."id" = $1 ORDER BY "users"."id" ASC LIMIT $2[0m  [["id", 1], ["LIMIT", 1]]
Completed 200 OK in 159ms (Views: 82.3ms | ActiveRecord: 0.9ms)


Started GET "/submissions" for 127.0.0.1 at 2018-03-15 20:02:18 -0300
  [1m[36mActiveRecord::SchemaMigration Load (0.6ms)[0m  [1m[34mSELECT "schema_migrations".* FROM "schema_migrations"[0m
Processing by SubmissionsController#index as HTML
  Rendering submissions/index.html.erb within layouts/application
  [1m[36mSubmission Load (0.6ms)[0m  [1m[34mSELECT "submissions".* FROM "submissions"[0m
  Rendered submissions/index.html.erb within layouts/application (18.4ms)
  [1m[36mUser Load (1.5ms)[0m  [1m[34mSELECT  "users".* FROM "users" WHERE "users"."id" = $1 ORDER BY "users"."id" ASC LIMIT $2[0m  [["id", 1], ["LIMIT", 1]]
Completed 200 OK in 293ms (Views: 261.1ms | ActiveRecord: 11.7ms)


Started GET "/submissions/new" for 127.0.0.1 at 2018-03-15 20:02:24 -0300
Processing by SubmissionsController#new as HTML
  [1m[36mUser Load (0.6ms)[0m  [1m[34mSELECT  "users".* FROM "users" WHERE "users"."id" = $1 ORDER BY "users"."id" ASC LIMIT $2[0m  [["id", 1], ["LIMIT", 1]]
  Rendering submissions/new.html.erb within layouts/application
  Rendered submissions/_form.html.erb (36.7ms)
  Rendered submissions/new.html.erb within layouts/application (41.1ms)
Completed 200 OK in 149ms (Views: 79.1ms | ActiveRecord: 0.6ms)


Started POST "/submissions" for 127.0.0.1 at 2018-03-15 20:02:36 -0300
Processing by SubmissionsController#create as HTML
  Parameters: {"utf8"=>"✓", "authenticity_token"=>"Ere1P1WM9tvP3ESe6t75zZlVnXmx7dfZJjIonUVvRxHOFK+w/kF9SXWVc+rW0FGJHYXTL8PGkg/t1HHXgwooCA==", "submission"=>{"title"=>"titulo", "lead"=>"bajadax", "body"=>"cuerpoz"}, "commit"=>"Create Submission"}
  [1m[36mUser Load (0.4ms)[0m  [1m[34mSELECT  "users".* FROM "users" WHERE "users"."id" = $1 ORDER BY "users"."id" ASC LIMIT $2[0m  [["id", 1], ["LIMIT", 1]]
  [1m[35m (0.2ms)[0m  [1m[35mBEGIN[0m
  [1m[35mSQL (2.1ms)[0m  [1m[32mINSERT INTO "submissions" ("title", "lead", "body", "created_at", "updated_at", "user_id") VALUES ($1, $2, $3, $4, $5, $6) RETURNING "id"[0m  [["title", "titulo"], ["lead", "bajadax"], ["body", "cuerpoz"], ["created_at", "2018-03-15 23:02:36.444062"], ["updated_at", "2018-03-15 23:02:36.444062"], ["user_id", 1]]
  [1m[35m (40.3ms)[0m  [1m[35mCOMMIT[0m
Redirected to http://localhost:3000/submissions/2
Completed 302 Found in 51ms (ActiveRecord: 43.0ms)


Started GET "/submissions/2" for 127.0.0.1 at 2018-03-15 20:02:36 -0300
Processing by SubmissionsController#show as HTML
  Parameters: {"id"=>"2"}
  [1m[36mSubmission Load (0.2ms)[0m  [1m[34mSELECT  "submissions".* FROM "submissions" WHERE "submissions"."id" = $1 LIMIT $2[0m  [["id", 2], ["LIMIT", 1]]
  Rendering submissions/show.html.erb within layouts/application
  Rendered submissions/show.html.erb within layouts/application (0.9ms)
  [1m[36mUser Load (0.5ms)[0m  [1m[34mSELECT  "users".* FROM "users" WHERE "users"."id" = $1 ORDER BY "users"."id" ASC LIMIT $2[0m  [["id", 1], ["LIMIT", 1]]
Completed 200 OK in 74ms (Views: 65.4ms | ActiveRecord: 0.9ms)


Started GET "/submissions" for 127.0.0.1 at 2018-03-15 20:02:39 -0300
Processing by SubmissionsController#index as HTML
  Rendering submissions/index.html.erb within layouts/application
  [1m[36mSubmission Load (0.3ms)[0m  [1m[34mSELECT "submissions".* FROM "submissions"[0m
  Rendered submissions/index.html.erb within layouts/application (2.9ms)
  [1m[36mUser Load (0.4ms)[0m  [1m[34mSELECT  "users".* FROM "users" WHERE "users"."id" = $1 ORDER BY "users"."id" ASC LIMIT $2[0m  [["id", 1], ["LIMIT", 1]]
Completed 200 OK in 69ms (Views: 60.6ms | ActiveRecord: 0.8ms)


  [1m[36mSubmission Load (0.4ms)[0m  [1m[34mSELECT  "submissions".* FROM "submissions" ORDER BY "submissions"."id" DESC LIMIT $1[0m  [["LIMIT", 1]]
Started GET "/" for 127.0.0.1 at 2018-03-15 20:07:25 -0300
Processing by SubmissionsController#index as HTML
  Rendering submissions/index.html.erb within layouts/application
  [1m[36mSubmission Load (0.4ms)[0m  [1m[34mSELECT "submissions".* FROM "submissions"[0m
  [1m[36mUser Load (0.6ms)[0m  [1m[34mSELECT  "users".* FROM "users" WHERE "users"."id" = $1 ORDER BY "users"."id" ASC LIMIT $2[0m  [["id", 1], ["LIMIT", 1]]
  [1m[36mUser Load (0.3ms)[0m  [1m[34mSELECT  "users".* FROM "users" WHERE "users"."id" = $1 LIMIT $2[0m  [["id", 1], ["LIMIT", 1]]
  Rendered submissions/index.html.erb within layouts/application (7.5ms)
Completed 200 OK in 48ms (Views: 43.1ms | ActiveRecord: 1.3ms)


Started DELETE "/users/sign_out" for 127.0.0.1 at 2018-03-15 20:07:38 -0300
Processing by Devise::SessionsController#destroy as HTML
  Parameters: {"authenticity_token"=>"u0VQ9GIFo4MHcd1hqlFMRzh9xpa19MMTlPz0a6BZC3iOUo8GcWxqkLUVf8kIIYLL70gDKT7oQaC5CQgmlqk3/g=="}
  [1m[36mUser Load (0.5ms)[0m  [1m[34mSELECT  "users".* FROM "users" WHERE "users"."id" = $1 ORDER BY "users"."id" ASC LIMIT $2[0m  [["id", 1], ["LIMIT", 1]]
  [1m[35m (0.3ms)[0m  [1m[35mBEGIN[0m
  [1m[35m (0.2ms)[0m  [1m[35mCOMMIT[0m
Redirected to http://localhost:3000/
Completed 302 Found in 11ms (ActiveRecord: 1.0ms)


Started GET "/" for 127.0.0.1 at 2018-03-15 20:07:38 -0300
Processing by SubmissionsController#index as HTML
  Rendering submissions/index.html.erb within layouts/application
  [1m[36mSubmission Load (0.3ms)[0m  [1m[34mSELECT "submissions".* FROM "submissions"[0m
  [1m[36mUser Load (0.4ms)[0m  [1m[34mSELECT  "users".* FROM "users" WHERE "users"."id" = $1 LIMIT $2[0m  [["id", 1], ["LIMIT", 1]]
  Rendered submissions/index.html.erb within layouts/application (9.2ms)
Completed 200 OK in 55ms (Views: 50.7ms | ActiveRecord: 0.7ms)


Started DELETE "/submissions/1" for 127.0.0.1 at 2018-03-15 20:07:45 -0300
Processing by SubmissionsController#destroy as HTML
  Parameters: {"authenticity_token"=>"t7ANJP71FThweNq20GMV9OaeblGGW3vFemCex6BgVYuQb3XSonqpU9CS0VYYEPTvqiMg9s1578cx0Hdq3jpalw==", "id"=>"1"}
  [1m[36mSubmission Load (0.3ms)[0m  [1m[34mSELECT  "submissions".* FROM "submissions" WHERE "submissions"."id" = $1 LIMIT $2[0m  [["id", 1], ["LIMIT", 1]]
  [1m[35m (0.1ms)[0m  [1m[35mBEGIN[0m
  [1m[35mSQL (0.6ms)[0m  [1m[31mDELETE FROM "submissions" WHERE "submissions"."id" = $1[0m  [["id", 1]]
  [1m[35m (0.5ms)[0m  [1m[35mCOMMIT[0m
Redirected to http://localhost:3000/submissions
Completed 302 Found in 6ms (ActiveRecord: 1.5ms)


Started GET "/submissions" for 127.0.0.1 at 2018-03-15 20:07:45 -0300
Processing by SubmissionsController#index as HTML
  Rendering submissions/index.html.erb within layouts/application
  [1m[36mSubmission Load (1.0ms)[0m  [1m[34mSELECT "submissions".* FROM "submissions"[0m
  [1m[36mUser Load (0.4ms)[0m  [1m[34mSELECT  "users".* FROM "users" WHERE "users"."id" = $1 LIMIT $2[0m  [["id", 1], ["LIMIT", 1]]
  Rendered submissions/index.html.erb within layouts/application (5.1ms)
Completed 200 OK in 63ms (Views: 54.7ms | ActiveRecord: 1.4ms)


Started GET "/" for 127.0.0.1 at 2018-03-15 20:07:49 -0300
Processing by SubmissionsController#index as HTML
  Rendering submissions/index.html.erb within layouts/application
  [1m[36mSubmission Load (0.5ms)[0m  [1m[34mSELECT "submissions".* FROM "submissions"[0m
  [1m[36mUser Load (0.3ms)[0m  [1m[34mSELECT  "users".* FROM "users" WHERE "users"."id" = $1 LIMIT $2[0m  [["id", 1], ["LIMIT", 1]]
  Rendered submissions/index.html.erb within layouts/application (5.2ms)
Completed 200 OK in 59ms (Views: 52.2ms | ActiveRecord: 0.9ms)


